d:\прога\bd66\bd66\x64\debug\vc143.pdb
c:\users\ярослав\desktop\бэк\bd66\bd66\x64\debug\vc143.pdb
c:\users\ярослав\desktop\бэк\bd66\bd66\x64\debug\.netframework,version=v4.7.2.assemblyattributes.obj
c:\users\ярослав\desktop\бэк\bd66\bd66\x64\debug\program.obj
c:\users\ярослав\desktop\бэк\bd66\bd66\x64\debug\bankclasses.obj
c:\users\ярослав\desktop\бэк\bd66\bd66\x64\debug\form2.obj
c:\users\ярослав\desktop\бэк\bd66\x64\debug\system.data.sqlite.dll
c:\users\ярослав\desktop\бэк\bd66\x64\debug\system.data.sqlite.xml
c:\users\ярослав\desktop\бэк\bd66\x64\debug\bd66.exe
c:\users\ярослав\desktop\бэк\bd66\x64\debug\bd66.pdb
d:\прога\bd66\bd66\x64\debug\bd66.tlog\metagen.write.1.tlog
c:\users\ярослав\desktop\бэк\bd66\bd66\x64\debug\bd66.tlog\metagen.write.1.tlog
c:\users\ярослав\desktop\бэк\bd66\bd66\x64\debug\bd66.tlog\cl.command.1.tlog
c:\users\ярослав\desktop\бэк\bd66\bd66\x64\debug\bd66.tlog\cl.items.tlog
c:\users\ярослав\desktop\бэк\bd66\bd66\x64\debug\bd66.tlog\cl.read.1.tlog
c:\users\ярослав\desktop\бэк\bd66\bd66\x64\debug\bd66.tlog\cl.write.1.tlog
c:\users\ярослав\desktop\бэк\bd66\bd66\x64\debug\bd66.tlog\copylocal.read.1u.tlog
c:\users\ярослав\desktop\бэк\bd66\bd66\x64\debug\bd66.tlog\copylocal.write.1u.tlog
c:\users\ярослав\desktop\бэк\bd66\bd66\x64\debug\bd66.tlog\link.command.1.tlog
c:\users\ярослав\desktop\бэк\bd66\bd66\x64\debug\bd66.tlog\link.read.1.tlog
c:\users\ярослав\desktop\бэк\bd66\bd66\x64\debug\bd66.tlog\link.secondary.1.tlog
c:\users\ярослав\desktop\бэк\bd66\bd66\x64\debug\bd66.tlog\link.write.1.tlog
c:\users\ярослав\desktop\бэк\bd66\bd66\x64\debug\bd66.tlog\metagen.read.1.tlog
c:\users\ярослав\desktop\бэк\bd66\bd66\x64\debug\bd66.tlog\system.data.sqlite.dll.metagen
